<?xml version="1.0" encoding="UTF-8"?>
<!-- Generated by org.testng.reporters.JUnitReportReporter -->
<testsuite hostname="DESKTOP-UVHAD0K" failures="0" tests="1" name="com.testing.kidspage" time="4.472" errors="0" timestamp="2025-02-01T21:14:35 IST" skipped="0">
  <testcase classname="com.testing.kidspage" name="pagetest" time="4.472"/>
</testsuite> <!-- com.testing.kidspage -->
