<?xml version="1.0" encoding="UTF-8"?>
<!-- Generated by org.testng.reporters.JUnitReportReporter -->
<testsuite hostname="DESKTOP-UVHAD0K" failures="0" tests="1" name="com.testing.projecttest" time="12.261" errors="0" timestamp="2025-02-07T15:30:39 IST" skipped="0">
  <testcase classname="com.testing.projecttest" name="pagetest" time="12.261"/>
</testsuite> <!-- com.testing.projecttest -->
