<?xml version="1.0" encoding="UTF-8"?>
<!-- Generated by org.testng.reporters.JUnitReportReporter -->
<testsuite hostname="DESKTOP-UVHAD0K" failures="0" tests="1" name="com.testing.projecttest" time="11.684" errors="0" timestamp="2025-01-29T17:04:06 IST" skipped="0">
  <testcase classname="com.testing.projecttest" name="pagetest" time="11.684"/>
</testsuite> <!-- com.testing.projecttest -->
